2010-10-03 00:00:13,907 | DEBUG  | Stat yezooz. garage, cars_add=1.
2010-10-03 00:00:13,907 | DEBUG  | Stat yezooz. garage, cars_add=1.
2010-10-03 00:00:13,917 | DEBUG  | Stat yezooz. garage, cars=16.
2010-10-03 00:00:13,917 | DEBUG  | Stat yezooz. garage, cars=16.
2010-10-03 00:00:13,928 | DEBUG  | Stat yezooz. car_manuf, Fiat=15.
2010-10-03 00:00:13,928 | DEBUG  | Stat yezooz. car_manuf, Fiat=15.
2010-10-03 00:00:13,938 | DEBUG  | Stat yezooz. car_country, Italy=15.
2010-10-03 00:00:13,938 | DEBUG  | Stat yezooz. car_country, Italy=15.
2010-10-03 00:00:13,948 | DEBUG  | Stat yezooz. car_tier, 1=34.
2010-10-03 00:00:13,948 | DEBUG  | Stat yezooz. car_tier, 1=34.
2010-10-03 00:00:13,959 | DEBUG  | Stat yezooz. car_manuf, Fiat=16.
2010-10-03 00:00:13,959 | DEBUG  | Stat yezooz. car_manuf, Fiat=16.
2010-10-03 00:00:13,969 | DEBUG  | Stat yezooz. car_country, Italy=16.
2010-10-03 00:00:13,969 | DEBUG  | Stat yezooz. car_country, Italy=16.
2010-10-03 00:00:13,979 | DEBUG  | Stat yezooz. car_tier, 1=35.
2010-10-03 00:00:13,979 | DEBUG  | Stat yezooz. car_tier, 1=35.
2010-10-03 00:00:13,992 | DEBUG  | Stat yezooz. car_year, 2000=11.
2010-10-03 00:00:13,992 | DEBUG  | Stat yezooz. car_year, 2000=11.
2010-10-03 00:01:13,457 | DEBUG  | Stat yezooz. garage, cars_add=2.
2010-10-03 00:01:13,457 | DEBUG  | Stat yezooz. garage, cars_add=2.
2010-10-03 00:01:13,467 | DEBUG  | Stat yezooz. garage, cars=17.
2010-10-03 00:01:13,467 | DEBUG  | Stat yezooz. garage, cars=17.
2010-10-03 00:01:13,476 | DEBUG  | Stat yezooz. car_manuf, Fiat=17.
2010-10-03 00:01:13,476 | DEBUG  | Stat yezooz. car_manuf, Fiat=17.
2010-10-03 00:01:13,491 | DEBUG  | Stat yezooz. car_country, Italy=17.
2010-10-03 00:01:13,491 | DEBUG  | Stat yezooz. car_country, Italy=17.
2010-10-03 00:01:13,502 | DEBUG  | Stat yezooz. car_tier, 1=36.
2010-10-03 00:01:13,502 | DEBUG  | Stat yezooz. car_tier, 1=36.
2010-10-03 00:01:13,512 | DEBUG  | Stat yezooz. car_manuf, Fiat=18.
2010-10-03 00:01:13,512 | DEBUG  | Stat yezooz. car_manuf, Fiat=18.
2010-10-03 00:01:13,521 | DEBUG  | Stat yezooz. car_country, Italy=18.
2010-10-03 00:01:13,521 | DEBUG  | Stat yezooz. car_country, Italy=18.
2010-10-03 00:01:13,531 | DEBUG  | Stat yezooz. car_tier, 1=37.
2010-10-03 00:01:13,531 | DEBUG  | Stat yezooz. car_tier, 1=37.
2010-10-03 00:01:13,546 | DEBUG  | Stat yezooz. car_year, 2000=12.
2010-10-03 00:01:13,546 | DEBUG  | Stat yezooz. car_year, 2000=12.
2010-10-03 00:06:01,587 | DEBUG  | Stat yezooz. garage, cars_add=3.
2010-10-03 00:06:01,587 | DEBUG  | Stat yezooz. garage, cars_add=3.
2010-10-03 00:06:01,597 | DEBUG  | Stat yezooz. garage, cars=18.
2010-10-03 00:06:01,597 | DEBUG  | Stat yezooz. garage, cars=18.
2010-10-03 00:06:01,607 | DEBUG  | Stat yezooz. car_manuf, Fiat=19.
2010-10-03 00:06:01,607 | DEBUG  | Stat yezooz. car_manuf, Fiat=19.
2010-10-03 00:06:01,617 | DEBUG  | Stat yezooz. car_country, Italy=19.
2010-10-03 00:06:01,617 | DEBUG  | Stat yezooz. car_country, Italy=19.
2010-10-03 00:06:01,630 | DEBUG  | Stat yezooz. car_tier, 1=38.
2010-10-03 00:06:01,630 | DEBUG  | Stat yezooz. car_tier, 1=38.
2010-10-03 00:06:01,646 | DEBUG  | Stat yezooz. car_manuf, Fiat=20.
2010-10-03 00:06:01,646 | DEBUG  | Stat yezooz. car_manuf, Fiat=20.
2010-10-03 00:06:01,656 | DEBUG  | Stat yezooz. car_country, Italy=20.
2010-10-03 00:06:01,656 | DEBUG  | Stat yezooz. car_country, Italy=20.
2010-10-03 00:06:01,665 | DEBUG  | Stat yezooz. car_tier, 1=39.
2010-10-03 00:06:01,665 | DEBUG  | Stat yezooz. car_tier, 1=39.
2010-10-03 00:06:01,676 | DEBUG  | Stat yezooz. car_year, 2000=13.
2010-10-03 00:06:01,676 | DEBUG  | Stat yezooz. car_year, 2000=13.
2010-10-03 00:06:01,688 | DEBUG  | Stat yezooz. car_bhp, 74=3.
2010-10-03 00:06:01,688 | DEBUG  | Stat yezooz. car_bhp, 74=3.
2010-10-03 00:07:23,571 | DEBUG  | Stat yezooz. garage, cars_add=4.
2010-10-03 00:07:23,571 | DEBUG  | Stat yezooz. garage, cars_add=4.
2010-10-03 00:07:23,584 | DEBUG  | Stat yezooz. garage, cars=19.
2010-10-03 00:07:23,584 | DEBUG  | Stat yezooz. garage, cars=19.
2010-10-03 00:07:23,596 | DEBUG  | Stat yezooz. car_manuf, Fiat=21.
2010-10-03 00:07:23,596 | DEBUG  | Stat yezooz. car_manuf, Fiat=21.
2010-10-03 00:07:23,613 | DEBUG  | Stat yezooz. car_country, Italy=21.
2010-10-03 00:07:23,613 | DEBUG  | Stat yezooz. car_country, Italy=21.
2010-10-03 00:07:23,635 | DEBUG  | Stat yezooz. car_tier, 1=40.
2010-10-03 00:07:23,635 | DEBUG  | Stat yezooz. car_tier, 1=40.
2010-10-03 00:07:23,645 | DEBUG  | Stat yezooz. car_manuf, Fiat=22.
2010-10-03 00:07:23,645 | DEBUG  | Stat yezooz. car_manuf, Fiat=22.
2010-10-03 00:07:23,655 | DEBUG  | Stat yezooz. car_country, Italy=22.
2010-10-03 00:07:23,655 | DEBUG  | Stat yezooz. car_country, Italy=22.
2010-10-03 00:07:23,667 | DEBUG  | Stat yezooz. car_tier, 1=41.
2010-10-03 00:07:23,667 | DEBUG  | Stat yezooz. car_tier, 1=41.
2010-10-03 00:07:23,688 | DEBUG  | Stat yezooz. car_year, 2000=14.
2010-10-03 00:07:23,688 | DEBUG  | Stat yezooz. car_year, 2000=14.
2010-10-03 00:07:23,698 | DEBUG  | Stat yezooz. car_bhp, 74=4.
2010-10-03 00:07:23,698 | DEBUG  | Stat yezooz. car_bhp, 74=4.
2010-10-03 00:08:48,363 | DEBUG  | Stat yezooz. garage, cars_add=5.
2010-10-03 00:08:48,363 | DEBUG  | Stat yezooz. garage, cars_add=5.
2010-10-03 00:08:48,373 | DEBUG  | Stat yezooz. garage, cars=20.
2010-10-03 00:08:48,373 | DEBUG  | Stat yezooz. garage, cars=20.
2010-10-03 00:08:48,383 | DEBUG  | Stat yezooz. car_manuf, Fiat=23.
2010-10-03 00:08:48,383 | DEBUG  | Stat yezooz. car_manuf, Fiat=23.
2010-10-03 00:08:48,392 | DEBUG  | Stat yezooz. car_country, Italy=23.
2010-10-03 00:08:48,392 | DEBUG  | Stat yezooz. car_country, Italy=23.
2010-10-03 00:08:48,409 | DEBUG  | Stat yezooz. car_tier, 1=42.
2010-10-03 00:08:48,409 | DEBUG  | Stat yezooz. car_tier, 1=42.
2010-10-03 00:08:48,420 | DEBUG  | Stat yezooz. car_manuf, Fiat=24.
2010-10-03 00:08:48,420 | DEBUG  | Stat yezooz. car_manuf, Fiat=24.
2010-10-03 00:08:48,431 | DEBUG  | Stat yezooz. car_country, Italy=24.
2010-10-03 00:08:48,431 | DEBUG  | Stat yezooz. car_country, Italy=24.
2010-10-03 00:08:48,440 | DEBUG  | Stat yezooz. car_tier, 1=43.
2010-10-03 00:08:48,440 | DEBUG  | Stat yezooz. car_tier, 1=43.
2010-10-03 00:08:48,453 | DEBUG  | Stat yezooz. car_year, 2000=15.
2010-10-03 00:08:48,453 | DEBUG  | Stat yezooz. car_year, 2000=15.
2010-10-03 00:08:48,532 | DEBUG  | Stat yezooz. car_bhp, 74=5.
2010-10-03 00:08:48,532 | DEBUG  | Stat yezooz. car_bhp, 74=5.
2010-10-03 00:09:24,728 | DEBUG  | Stat yezooz. garage, cars_add=6.
2010-10-03 00:09:24,728 | DEBUG  | Stat yezooz. garage, cars_add=6.
2010-10-03 00:09:24,742 | DEBUG  | Stat yezooz. garage, cars=21.
2010-10-03 00:09:24,742 | DEBUG  | Stat yezooz. garage, cars=21.
2010-10-03 00:09:24,755 | DEBUG  | Stat yezooz. car_manuf, Fiat=25.
2010-10-03 00:09:24,755 | DEBUG  | Stat yezooz. car_manuf, Fiat=25.
2010-10-03 00:09:24,773 | DEBUG  | Stat yezooz. car_country, Italy=25.
2010-10-03 00:09:24,773 | DEBUG  | Stat yezooz. car_country, Italy=25.
2010-10-03 00:09:24,789 | DEBUG  | Stat yezooz. car_tier, 1=44.
2010-10-03 00:09:24,789 | DEBUG  | Stat yezooz. car_tier, 1=44.
2010-10-03 00:09:24,799 | DEBUG  | Stat yezooz. car_manuf, Fiat=26.
2010-10-03 00:09:24,799 | DEBUG  | Stat yezooz. car_manuf, Fiat=26.
2010-10-03 00:09:24,808 | DEBUG  | Stat yezooz. car_country, Italy=26.
2010-10-03 00:09:24,808 | DEBUG  | Stat yezooz. car_country, Italy=26.
2010-10-03 00:09:24,819 | DEBUG  | Stat yezooz. car_tier, 1=45.
2010-10-03 00:09:24,819 | DEBUG  | Stat yezooz. car_tier, 1=45.
2010-10-03 00:09:24,846 | DEBUG  | Stat yezooz. car_year, 2000=16.
2010-10-03 00:09:24,846 | DEBUG  | Stat yezooz. car_year, 2000=16.
2010-10-03 00:09:24,856 | DEBUG  | Stat yezooz. car_bhp, 74=6.
2010-10-03 00:09:24,856 | DEBUG  | Stat yezooz. car_bhp, 74=6.
2010-10-03 00:10:01,081 | DEBUG  | Stat yezooz. garage, cars_add=7.
2010-10-03 00:10:01,081 | DEBUG  | Stat yezooz. garage, cars_add=7.
2010-10-03 00:10:01,091 | DEBUG  | Stat yezooz. garage, cars=22.
2010-10-03 00:10:01,091 | DEBUG  | Stat yezooz. garage, cars=22.
2010-10-03 00:10:01,101 | DEBUG  | Stat yezooz. car_manuf, Fiat=27.
2010-10-03 00:10:01,101 | DEBUG  | Stat yezooz. car_manuf, Fiat=27.
2010-10-03 00:10:01,110 | DEBUG  | Stat yezooz. car_country, Italy=27.
2010-10-03 00:10:01,110 | DEBUG  | Stat yezooz. car_country, Italy=27.
2010-10-03 00:10:01,214 | DEBUG  | Stat yezooz. car_tier, 1=46.
2010-10-03 00:10:01,214 | DEBUG  | Stat yezooz. car_tier, 1=46.
2010-10-03 00:10:01,225 | DEBUG  | Stat yezooz. car_manuf, Fiat=28.
2010-10-03 00:10:01,225 | DEBUG  | Stat yezooz. car_manuf, Fiat=28.
2010-10-03 00:10:01,235 | DEBUG  | Stat yezooz. car_country, Italy=28.
2010-10-03 00:10:01,235 | DEBUG  | Stat yezooz. car_country, Italy=28.
2010-10-03 00:10:01,247 | DEBUG  | Stat yezooz. car_tier, 1=47.
2010-10-03 00:10:01,247 | DEBUG  | Stat yezooz. car_tier, 1=47.
2010-10-03 00:10:01,269 | DEBUG  | Stat yezooz. car_year, 2000=17.
2010-10-03 00:10:01,269 | DEBUG  | Stat yezooz. car_year, 2000=17.
2010-10-03 00:10:01,279 | DEBUG  | Stat yezooz. car_bhp, 74=7.
2010-10-03 00:10:01,279 | DEBUG  | Stat yezooz. car_bhp, 74=7.
2010-10-03 00:10:01,295 | DEBUG  | Stat yezooz. car_sprint, 12.50=2.
2010-10-03 00:10:01,295 | DEBUG  | Stat yezooz. car_sprint, 12.50=2.
2010-10-03 00:10:01,307 | DEBUG  | Stat yezooz. car_speed, 160=5.
2010-10-03 00:10:01,307 | DEBUG  | Stat yezooz. car_speed, 160=5.
2010-10-03 00:10:01,320 | DEBUG  | Stat yezooz. car_weight, 900=1.
2010-10-03 00:10:01,320 | DEBUG  | Stat yezooz. car_weight, 900=1.
2010-10-03 00:10:01,322 | INFO   | yezooz just earned 1000 cash
2010-10-03 00:10:01,322 | INFO   | yezooz just earned 1000 cash
2010-10-03 00:10:01,330 | DEBUG  | Stat yezooz. cash, earn_cash=1000.
2010-10-03 00:10:01,330 | DEBUG  | Stat yezooz. cash, earn_cash=1000.
2010-10-03 00:10:01,340 | DEBUG  | Stat yezooz. cash, earn_cash=10000.
2010-10-03 00:10:01,340 | DEBUG  | Stat yezooz. cash, earn_cash=10000.
2010-10-03 00:10:01,340 | INFO   | yezooz just earned 10 exp
2010-10-03 00:10:01,340 | INFO   | yezooz just earned 10 exp
2010-10-03 00:10:01,349 | DEBUG  | Stat yezooz. exp, earn_exp=10.
2010-10-03 00:10:01,349 | DEBUG  | Stat yezooz. exp, earn_exp=10.
2010-10-03 00:10:01,361 | DEBUG  | Stat yezooz. exp, earn_exp=100.
2010-10-03 00:10:01,361 | DEBUG  | Stat yezooz. exp, earn_exp=100.
2010-10-03 00:10:01,381 | DEBUG  | Stat yezooz. job, done=1.
2010-10-03 00:10:01,381 | DEBUG  | Stat yezooz. job, done=1.
2010-10-03 00:10:01,392 | DEBUG  | Stat yezooz. job, done=10.
2010-10-03 00:10:01,392 | DEBUG  | Stat yezooz. job, done=10.
2010-10-03 00:10:37,154 | DEBUG  | Stat yezooz. garage, cars_add=8.
2010-10-03 00:10:37,154 | DEBUG  | Stat yezooz. garage, cars_add=8.
2010-10-03 00:10:37,165 | DEBUG  | Stat yezooz. garage, cars=23.
2010-10-03 00:10:37,165 | DEBUG  | Stat yezooz. garage, cars=23.
2010-10-03 00:10:37,175 | DEBUG  | Stat yezooz. car_manuf, Renault=11.
2010-10-03 00:10:37,175 | DEBUG  | Stat yezooz. car_manuf, Renault=11.
2010-10-03 00:10:37,186 | DEBUG  | Stat yezooz. car_country, France=14.
2010-10-03 00:10:37,186 | DEBUG  | Stat yezooz. car_country, France=14.
2010-10-03 00:10:37,200 | DEBUG  | Stat yezooz. car_tier, 1=48.
2010-10-03 00:10:37,200 | DEBUG  | Stat yezooz. car_tier, 1=48.
2010-10-03 00:10:37,214 | DEBUG  | Stat yezooz. car_manuf, Renault=12.
2010-10-03 00:10:37,214 | DEBUG  | Stat yezooz. car_manuf, Renault=12.
2010-10-03 00:10:37,224 | DEBUG  | Stat yezooz. car_country, France=15.
2010-10-03 00:10:37,224 | DEBUG  | Stat yezooz. car_country, France=15.
2010-10-03 00:10:37,233 | DEBUG  | Stat yezooz. car_tier, 1=49.
2010-10-03 00:10:37,233 | DEBUG  | Stat yezooz. car_tier, 1=49.
2010-10-03 00:10:37,247 | DEBUG  | Stat yezooz. car_year, 1990=4.
2010-10-03 00:10:37,247 | DEBUG  | Stat yezooz. car_year, 1990=4.
2010-10-03 00:12:23,645 | DEBUG  | Stat yezooz. garage, cars_add=9.
2010-10-03 00:12:23,645 | DEBUG  | Stat yezooz. garage, cars_add=9.
2010-10-03 00:12:23,655 | DEBUG  | Stat yezooz. garage, cars=24.
2010-10-03 00:12:23,655 | DEBUG  | Stat yezooz. garage, cars=24.
2010-10-03 00:12:23,667 | DEBUG  | Stat yezooz. car_manuf, Renault=13.
2010-10-03 00:12:23,667 | DEBUG  | Stat yezooz. car_manuf, Renault=13.
2010-10-03 00:12:23,678 | DEBUG  | Stat yezooz. car_country, France=16.
2010-10-03 00:12:23,678 | DEBUG  | Stat yezooz. car_country, France=16.
2010-10-03 00:12:23,693 | DEBUG  | Stat yezooz. car_tier, 1=50.
2010-10-03 00:12:23,693 | DEBUG  | Stat yezooz. car_tier, 1=50.
2010-10-03 00:12:23,704 | DEBUG  | Stat yezooz. car_manuf, Renault=14.
2010-10-03 00:12:23,704 | DEBUG  | Stat yezooz. car_manuf, Renault=14.
2010-10-03 00:12:23,713 | DEBUG  | Stat yezooz. car_country, France=17.
2010-10-03 00:12:23,713 | DEBUG  | Stat yezooz. car_country, France=17.
2010-10-03 00:12:23,723 | DEBUG  | Stat yezooz. car_tier, 1=51.
2010-10-03 00:12:23,723 | DEBUG  | Stat yezooz. car_tier, 1=51.
2010-10-03 00:12:23,736 | DEBUG  | Stat yezooz. car_year, 1990=5.
2010-10-03 00:12:23,736 | DEBUG  | Stat yezooz. car_year, 1990=5.
2010-10-03 00:12:23,767 | DEBUG  | Stat yezooz. car_bhp, 64=2.
2010-10-03 00:12:23,767 | DEBUG  | Stat yezooz. car_bhp, 64=2.
2010-10-03 00:12:58,433 | DEBUG  | Stat yezooz. garage, cars_add=10.
2010-10-03 00:12:58,433 | DEBUG  | Stat yezooz. garage, cars_add=10.
2010-10-03 00:12:58,443 | DEBUG  | Stat yezooz. garage, cars=25.
2010-10-03 00:12:58,443 | DEBUG  | Stat yezooz. garage, cars=25.
2010-10-03 00:12:58,452 | DEBUG  | Stat yezooz. car_manuf, Renault=15.
2010-10-03 00:12:58,452 | DEBUG  | Stat yezooz. car_manuf, Renault=15.
2010-10-03 00:12:58,462 | DEBUG  | Stat yezooz. car_country, France=18.
2010-10-03 00:12:58,462 | DEBUG  | Stat yezooz. car_country, France=18.
2010-10-03 00:12:58,474 | DEBUG  | Stat yezooz. car_tier, 1=52.
2010-10-03 00:12:58,474 | DEBUG  | Stat yezooz. car_tier, 1=52.
2010-10-03 00:12:58,489 | DEBUG  | Stat yezooz. car_manuf, Renault=16.
2010-10-03 00:12:58,489 | DEBUG  | Stat yezooz. car_manuf, Renault=16.
2010-10-03 00:12:58,504 | DEBUG  | Stat yezooz. car_country, France=19.
2010-10-03 00:12:58,504 | DEBUG  | Stat yezooz. car_country, France=19.
2010-10-03 00:12:58,518 | DEBUG  | Stat yezooz. car_tier, 1=53.
2010-10-03 00:12:58,518 | DEBUG  | Stat yezooz. car_tier, 1=53.
2010-10-03 00:12:58,544 | DEBUG  | Stat yezooz. car_year, 1990=6.
2010-10-03 00:12:58,544 | DEBUG  | Stat yezooz. car_year, 1990=6.
2010-10-03 00:12:58,559 | DEBUG  | Stat yezooz. car_bhp, 64=3.
2010-10-03 00:12:58,559 | DEBUG  | Stat yezooz. car_bhp, 64=3.
2010-10-03 00:15:30,086 | DEBUG  | Stat yezooz. garage, cars_add=11.
2010-10-03 00:15:30,086 | DEBUG  | Stat yezooz. garage, cars_add=11.
2010-10-03 00:15:30,097 | DEBUG  | Stat yezooz. garage, cars=26.
2010-10-03 00:15:30,097 | DEBUG  | Stat yezooz. garage, cars=26.
2010-10-03 00:15:30,106 | DEBUG  | Stat yezooz. car_manuf, Renault=17.
2010-10-03 00:15:30,106 | DEBUG  | Stat yezooz. car_manuf, Renault=17.
2010-10-03 00:15:30,116 | DEBUG  | Stat yezooz. car_country, France=20.
2010-10-03 00:15:30,116 | DEBUG  | Stat yezooz. car_country, France=20.
2010-10-03 00:15:30,128 | DEBUG  | Stat yezooz. car_tier, 1=54.
2010-10-03 00:15:30,128 | DEBUG  | Stat yezooz. car_tier, 1=54.
2010-10-03 00:15:30,140 | DEBUG  | Stat yezooz. car_manuf, Renault=18.
2010-10-03 00:15:30,140 | DEBUG  | Stat yezooz. car_manuf, Renault=18.
2010-10-03 00:15:30,161 | DEBUG  | Stat yezooz. car_country, France=21.
2010-10-03 00:15:30,161 | DEBUG  | Stat yezooz. car_country, France=21.
2010-10-03 00:15:30,174 | DEBUG  | Stat yezooz. car_tier, 1=55.
2010-10-03 00:15:30,174 | DEBUG  | Stat yezooz. car_tier, 1=55.
2010-10-03 00:15:30,200 | DEBUG  | Stat yezooz. car_year, 1990=7.
2010-10-03 00:15:30,200 | DEBUG  | Stat yezooz. car_year, 1990=7.
2010-10-03 00:15:30,216 | DEBUG  | Stat yezooz. car_bhp, 64=4.
2010-10-03 00:15:30,216 | DEBUG  | Stat yezooz. car_bhp, 64=4.
2010-10-03 00:16:19,031 | DEBUG  | Stat yezooz. garage, cars_add=12.
2010-10-03 00:16:19,031 | DEBUG  | Stat yezooz. garage, cars_add=12.
2010-10-03 00:16:19,041 | DEBUG  | Stat yezooz. garage, cars=27.
2010-10-03 00:16:19,041 | DEBUG  | Stat yezooz. garage, cars=27.
2010-10-03 00:16:19,051 | DEBUG  | Stat yezooz. car_manuf, Renault=19.
2010-10-03 00:16:19,051 | DEBUG  | Stat yezooz. car_manuf, Renault=19.
2010-10-03 00:16:19,061 | DEBUG  | Stat yezooz. car_country, France=22.
2010-10-03 00:16:19,061 | DEBUG  | Stat yezooz. car_country, France=22.
2010-10-03 00:16:19,075 | DEBUG  | Stat yezooz. car_tier, 1=56.
2010-10-03 00:16:19,075 | DEBUG  | Stat yezooz. car_tier, 1=56.
2010-10-03 00:16:19,087 | DEBUG  | Stat yezooz. car_manuf, Renault=20.
2010-10-03 00:16:19,087 | DEBUG  | Stat yezooz. car_manuf, Renault=20.
2010-10-03 00:16:19,097 | DEBUG  | Stat yezooz. car_country, France=23.
2010-10-03 00:16:19,097 | DEBUG  | Stat yezooz. car_country, France=23.
2010-10-03 00:16:19,107 | DEBUG  | Stat yezooz. car_tier, 1=57.
2010-10-03 00:16:19,107 | DEBUG  | Stat yezooz. car_tier, 1=57.
2010-10-03 00:16:19,118 | DEBUG  | Stat yezooz. car_year, 1990=8.
2010-10-03 00:16:19,118 | DEBUG  | Stat yezooz. car_year, 1990=8.
2010-10-03 00:16:19,141 | DEBUG  | Stat yezooz. car_bhp, 64=5.
2010-10-03 00:16:19,141 | DEBUG  | Stat yezooz. car_bhp, 64=5.
2010-10-03 00:16:19,157 | DEBUG  | Stat yezooz. car_sprint, 15.70=3.
2010-10-03 00:16:19,157 | DEBUG  | Stat yezooz. car_sprint, 15.70=3.
2010-10-03 00:16:19,166 | DEBUG  | Stat yezooz. car_speed, 160=6.
2010-10-03 00:16:19,166 | DEBUG  | Stat yezooz. car_speed, 160=6.
2010-10-03 00:16:19,178 | DEBUG  | Stat yezooz. car_weight, 1000=1.
2010-10-03 00:16:19,178 | DEBUG  | Stat yezooz. car_weight, 1000=1.
2010-10-03 00:16:19,181 | INFO   | yezooz just earned 1000 cash
2010-10-03 00:16:19,181 | INFO   | yezooz just earned 1000 cash
2010-10-03 00:16:19,191 | DEBUG  | Stat yezooz. cash, earn_cash=2000.
2010-10-03 00:16:19,191 | DEBUG  | Stat yezooz. cash, earn_cash=2000.
2010-10-03 00:16:19,202 | DEBUG  | Stat yezooz. cash, earn_cash=11000.
2010-10-03 00:16:19,202 | DEBUG  | Stat yezooz. cash, earn_cash=11000.
2010-10-03 00:16:19,202 | INFO   | yezooz just earned 10 exp
2010-10-03 00:16:19,202 | INFO   | yezooz just earned 10 exp
2010-10-03 00:16:19,210 | DEBUG  | Stat yezooz. exp, earn_exp=20.
2010-10-03 00:16:19,210 | DEBUG  | Stat yezooz. exp, earn_exp=20.
2010-10-03 00:16:19,218 | DEBUG  | Stat yezooz. exp, earn_exp=110.
2010-10-03 00:16:19,218 | DEBUG  | Stat yezooz. exp, earn_exp=110.
2010-10-03 00:16:19,237 | DEBUG  | Stat yezooz. job, done=2.
2010-10-03 00:16:19,237 | DEBUG  | Stat yezooz. job, done=2.
2010-10-03 00:16:19,249 | DEBUG  | Stat yezooz. job, done=11.
2010-10-03 00:16:19,249 | DEBUG  | Stat yezooz. job, done=11.
2010-10-03 00:17:57,301 | DEBUG  | Stat yezooz. garage, cars_add=13.
2010-10-03 00:17:57,301 | DEBUG  | Stat yezooz. garage, cars_add=13.
2010-10-03 00:17:57,311 | DEBUG  | Stat yezooz. garage, cars=28.
2010-10-03 00:17:57,311 | DEBUG  | Stat yezooz. garage, cars=28.
2010-10-03 00:17:57,319 | DEBUG  | Stat yezooz. car_manuf, Mercedes-Benz=1.
2010-10-03 00:17:57,319 | DEBUG  | Stat yezooz. car_manuf, Mercedes-Benz=1.
2010-10-03 00:17:57,329 | DEBUG  | Stat yezooz. car_country, Germany=3.
2010-10-03 00:17:57,329 | DEBUG  | Stat yezooz. car_country, Germany=3.
2010-10-03 00:17:57,341 | DEBUG  | Stat yezooz. car_tier, 1=58.
2010-10-03 00:17:57,341 | DEBUG  | Stat yezooz. car_tier, 1=58.
2010-10-03 00:17:57,353 | DEBUG  | Stat yezooz. car_manuf, Mercedes-Benz=2.
2010-10-03 00:17:57,353 | DEBUG  | Stat yezooz. car_manuf, Mercedes-Benz=2.
2010-10-03 00:17:57,364 | DEBUG  | Stat yezooz. car_country, Germany=4.
2010-10-03 00:17:57,364 | DEBUG  | Stat yezooz. car_country, Germany=4.
2010-10-03 00:17:57,375 | DEBUG  | Stat yezooz. car_tier, 1=59.
2010-10-03 00:17:57,375 | DEBUG  | Stat yezooz. car_tier, 1=59.
2010-10-03 00:17:57,386 | DEBUG  | Stat yezooz. car_year, 2000=18.
2010-10-03 00:17:57,386 | DEBUG  | Stat yezooz. car_year, 2000=18.
2010-10-03 00:17:57,404 | DEBUG  | Stat yezooz. car_bhp, 81=1.
2010-10-03 00:17:57,404 | DEBUG  | Stat yezooz. car_bhp, 81=1.
2010-10-03 00:17:57,426 | DEBUG  | Stat yezooz. car_sprint, 15.00=1.
2010-10-03 00:17:57,426 | DEBUG  | Stat yezooz. car_sprint, 15.00=1.
2010-10-03 00:17:57,435 | DEBUG  | Stat yezooz. car_speed, 170=2.
2010-10-03 00:17:57,435 | DEBUG  | Stat yezooz. car_speed, 170=2.
2010-10-03 00:17:57,445 | DEBUG  | Stat yezooz. car_weight, 1300=1.
2010-10-03 00:17:57,445 | DEBUG  | Stat yezooz. car_weight, 1300=1.
2010-10-03 00:17:57,448 | INFO   | yezooz just earned 1000 cash
2010-10-03 00:17:57,448 | INFO   | yezooz just earned 1000 cash
2010-10-03 00:17:57,459 | DEBUG  | Stat yezooz. cash, earn_cash=3000.
2010-10-03 00:17:57,459 | DEBUG  | Stat yezooz. cash, earn_cash=3000.
2010-10-03 00:17:57,468 | DEBUG  | Stat yezooz. cash, earn_cash=12000.
2010-10-03 00:17:57,468 | DEBUG  | Stat yezooz. cash, earn_cash=12000.
2010-10-03 00:17:57,468 | INFO   | yezooz just earned 10 exp
2010-10-03 00:17:57,468 | INFO   | yezooz just earned 10 exp
2010-10-03 00:17:57,476 | DEBUG  | Stat yezooz. exp, earn_exp=30.
2010-10-03 00:17:57,476 | DEBUG  | Stat yezooz. exp, earn_exp=30.
2010-10-03 00:17:57,484 | DEBUG  | Stat yezooz. exp, earn_exp=120.
2010-10-03 00:17:57,484 | DEBUG  | Stat yezooz. exp, earn_exp=120.
2010-10-03 00:17:57,506 | DEBUG  | Stat yezooz. job, done=3.
2010-10-03 00:17:57,506 | DEBUG  | Stat yezooz. job, done=3.
2010-10-03 00:17:57,519 | DEBUG  | Stat yezooz. job, done=12.
2010-10-03 00:17:57,519 | DEBUG  | Stat yezooz. job, done=12.
2010-10-03 00:29:58,727 | DEBUG  | Stat yezooz. garage, cars_add=14.
2010-10-03 00:29:58,727 | DEBUG  | Stat yezooz. garage, cars_add=14.
2010-10-03 00:29:58,738 | DEBUG  | Stat yezooz. garage, cars=29.
2010-10-03 00:29:58,738 | DEBUG  | Stat yezooz. garage, cars=29.
2010-10-03 00:29:58,748 | DEBUG  | Stat yezooz. car_manuf, Mercedes-Benz=3.
2010-10-03 00:29:58,748 | DEBUG  | Stat yezooz. car_manuf, Mercedes-Benz=3.
2010-10-03 00:29:58,758 | DEBUG  | Stat yezooz. car_country, Germany=5.
2010-10-03 00:29:58,758 | DEBUG  | Stat yezooz. car_country, Germany=5.
2010-10-03 00:29:58,776 | DEBUG  | Stat yezooz. car_tier, 1=60.
2010-10-03 00:29:58,776 | DEBUG  | Stat yezooz. car_tier, 1=60.
2010-10-03 00:29:58,791 | DEBUG  | Stat yezooz. car_manuf, Mercedes-Benz=4.
2010-10-03 00:29:58,791 | DEBUG  | Stat yezooz. car_manuf, Mercedes-Benz=4.
2010-10-03 00:29:58,802 | DEBUG  | Stat yezooz. car_country, Germany=6.
2010-10-03 00:29:58,802 | DEBUG  | Stat yezooz. car_country, Germany=6.
2010-10-03 00:29:58,814 | DEBUG  | Stat yezooz. car_tier, 1=61.
2010-10-03 00:29:58,814 | DEBUG  | Stat yezooz. car_tier, 1=61.
2010-10-03 00:29:58,829 | DEBUG  | Stat yezooz. car_year, 2000=19.
2010-10-03 00:29:58,829 | DEBUG  | Stat yezooz. car_year, 2000=19.
2010-10-03 00:29:58,843 | DEBUG  | Stat yezooz. car_bhp, 81=2.
2010-10-03 00:29:58,843 | DEBUG  | Stat yezooz. car_bhp, 81=2.
2010-10-03 00:29:58,854 | DEBUG  | Stat yezooz. car_sprint, 15.00=2.
2010-10-03 00:29:58,854 | DEBUG  | Stat yezooz. car_sprint, 15.00=2.
2010-10-03 00:29:58,867 | DEBUG  | Stat yezooz. car_speed, 170=3.
2010-10-03 00:29:58,867 | DEBUG  | Stat yezooz. car_speed, 170=3.
2010-10-03 00:29:58,885 | DEBUG  | Stat yezooz. car_weight, 1300=2.
2010-10-03 00:29:58,885 | DEBUG  | Stat yezooz. car_weight, 1300=2.
2010-10-03 00:29:58,890 | INFO   | yezooz just earned 1000 cash
2010-10-03 00:29:58,890 | INFO   | yezooz just earned 1000 cash
2010-10-03 00:29:58,900 | DEBUG  | Stat yezooz. cash, earn_cash=4000.
2010-10-03 00:29:58,900 | DEBUG  | Stat yezooz. cash, earn_cash=4000.
2010-10-03 00:29:58,910 | DEBUG  | Stat yezooz. cash, earn_cash=13000.
2010-10-03 00:29:58,910 | DEBUG  | Stat yezooz. cash, earn_cash=13000.
2010-10-03 00:29:58,910 | INFO   | yezooz just earned 10 exp
2010-10-03 00:29:58,910 | INFO   | yezooz just earned 10 exp
2010-10-03 00:29:58,919 | DEBUG  | Stat yezooz. exp, earn_exp=40.
2010-10-03 00:29:58,919 | DEBUG  | Stat yezooz. exp, earn_exp=40.
2010-10-03 00:29:58,930 | DEBUG  | Stat yezooz. exp, earn_exp=130.
2010-10-03 00:29:58,930 | DEBUG  | Stat yezooz. exp, earn_exp=130.
2010-10-03 00:29:58,961 | DEBUG  | Stat yezooz. job, done=4.
2010-10-03 00:29:58,961 | DEBUG  | Stat yezooz. job, done=4.
2010-10-03 00:29:58,971 | DEBUG  | Stat yezooz. job, done=13.
2010-10-03 00:29:58,971 | DEBUG  | Stat yezooz. job, done=13.
2010-10-03 00:32:21,450 | DEBUG  | Stat yezooz. garage, cars_add=1.
2010-10-03 00:32:21,450 | DEBUG  | Stat yezooz. garage, cars_add=1.
2010-10-03 00:32:21,460 | DEBUG  | Stat yezooz. garage, cars=1.
2010-10-03 00:32:21,460 | DEBUG  | Stat yezooz. garage, cars=1.
2010-10-03 00:32:21,469 | DEBUG  | Stat yezooz. car_manuf, Volkswagen=1.
2010-10-03 00:32:21,469 | DEBUG  | Stat yezooz. car_manuf, Volkswagen=1.
2010-10-03 00:32:21,477 | DEBUG  | Stat yezooz. car_country, Germany=1.
2010-10-03 00:32:21,477 | DEBUG  | Stat yezooz. car_country, Germany=1.
2010-10-03 00:32:21,487 | DEBUG  | Stat yezooz. car_tier, 1=1.
2010-10-03 00:32:21,487 | DEBUG  | Stat yezooz. car_tier, 1=1.
2010-10-03 00:32:21,501 | DEBUG  | Stat yezooz. car_manuf, Volkswagen=2.
2010-10-03 00:32:21,501 | DEBUG  | Stat yezooz. car_manuf, Volkswagen=2.
2010-10-03 00:32:21,522 | DEBUG  | Stat yezooz. car_country, Germany=2.
2010-10-03 00:32:21,522 | DEBUG  | Stat yezooz. car_country, Germany=2.
2010-10-03 00:32:21,531 | DEBUG  | Stat yezooz. car_tier, 1=2.
2010-10-03 00:32:21,531 | DEBUG  | Stat yezooz. car_tier, 1=2.
2010-10-03 00:32:21,541 | DEBUG  | Stat yezooz. car_year, 2000=1.
2010-10-03 00:32:21,541 | DEBUG  | Stat yezooz. car_year, 2000=1.
2010-10-03 00:32:21,560 | DEBUG  | Stat yezooz. car_bhp, 59=1.
2010-10-03 00:32:21,560 | DEBUG  | Stat yezooz. car_bhp, 59=1.
2010-10-03 00:32:21,569 | DEBUG  | Stat yezooz. car_speed, 150=1.
2010-10-03 00:32:21,569 | DEBUG  | Stat yezooz. car_speed, 150=1.
2010-10-03 00:32:21,578 | DEBUG  | Stat yezooz. car_weight, 900=1.
2010-10-03 00:32:21,578 | DEBUG  | Stat yezooz. car_weight, 900=1.
2010-10-03 00:32:21,580 | INFO   | yezooz just earned 1000 cash
2010-10-03 00:32:21,580 | INFO   | yezooz just earned 1000 cash
2010-10-03 00:32:21,587 | DEBUG  | Stat yezooz. cash, earn_cash=1000.
2010-10-03 00:32:21,587 | DEBUG  | Stat yezooz. cash, earn_cash=1000.
2010-10-03 00:32:21,594 | DEBUG  | Stat yezooz. cash, earn_cash=1000.
2010-10-03 00:32:21,594 | DEBUG  | Stat yezooz. cash, earn_cash=1000.
2010-10-03 00:32:21,594 | INFO   | yezooz just earned 10 exp
2010-10-03 00:32:21,594 | INFO   | yezooz just earned 10 exp
2010-10-03 00:32:21,602 | DEBUG  | Stat yezooz. exp, earn_exp=10.
2010-10-03 00:32:21,602 | DEBUG  | Stat yezooz. exp, earn_exp=10.
2010-10-03 00:32:21,613 | DEBUG  | Stat yezooz. exp, earn_exp=10.
2010-10-03 00:32:21,613 | DEBUG  | Stat yezooz. exp, earn_exp=10.
2010-10-03 00:32:21,629 | DEBUG  | Stat yezooz. job, done=1.
2010-10-03 00:32:21,629 | DEBUG  | Stat yezooz. job, done=1.
2010-10-03 00:32:21,638 | DEBUG  | Stat yezooz. job, done=1.
2010-10-03 00:32:21,638 | DEBUG  | Stat yezooz. job, done=1.
2010-10-03 00:33:11,085 | DEBUG  | Stat yezooz. garage, cars_add=2.
2010-10-03 00:33:11,085 | DEBUG  | Stat yezooz. garage, cars_add=2.
2010-10-03 00:33:11,095 | DEBUG  | Stat yezooz. garage, cars=2.
2010-10-03 00:33:11,095 | DEBUG  | Stat yezooz. garage, cars=2.
2010-10-03 00:33:11,103 | DEBUG  | Stat yezooz. car_manuf, Ford=1.
2010-10-03 00:33:11,103 | DEBUG  | Stat yezooz. car_manuf, Ford=1.
2010-10-03 00:33:11,111 | DEBUG  | Stat yezooz. car_country, USA=1.
2010-10-03 00:33:11,111 | DEBUG  | Stat yezooz. car_country, USA=1.
2010-10-03 00:33:11,123 | DEBUG  | Stat yezooz. car_tier, 1=3.
2010-10-03 00:33:11,123 | DEBUG  | Stat yezooz. car_tier, 1=3.
2010-10-03 00:33:11,134 | DEBUG  | Stat yezooz. car_manuf, Ford=2.
2010-10-03 00:33:11,134 | DEBUG  | Stat yezooz. car_manuf, Ford=2.
2010-10-03 00:33:11,148 | DEBUG  | Stat yezooz. car_country, USA=2.
2010-10-03 00:33:11,148 | DEBUG  | Stat yezooz. car_country, USA=2.
2010-10-03 00:33:11,158 | DEBUG  | Stat yezooz. car_tier, 1=4.
2010-10-03 00:33:11,158 | DEBUG  | Stat yezooz. car_tier, 1=4.
2010-10-03 00:33:11,169 | DEBUG  | Stat yezooz. car_year, 2000=2.
2010-10-03 00:33:11,169 | DEBUG  | Stat yezooz. car_year, 2000=2.
2010-10-03 00:33:11,180 | DEBUG  | Stat yezooz. car_bhp, 59=2.
2010-10-03 00:33:11,180 | DEBUG  | Stat yezooz. car_bhp, 59=2.
2010-10-03 00:33:11,191 | DEBUG  | Stat yezooz. car_speed, 150=2.
2010-10-03 00:33:11,191 | DEBUG  | Stat yezooz. car_speed, 150=2.
2010-10-03 00:33:11,200 | DEBUG  | Stat yezooz. car_weight, 900=2.
2010-10-03 00:33:11,200 | DEBUG  | Stat yezooz. car_weight, 900=2.
2010-10-03 00:33:11,203 | INFO   | yezooz just earned 1000 cash
2010-10-03 00:33:11,203 | INFO   | yezooz just earned 1000 cash
2010-10-03 00:33:11,212 | DEBUG  | Stat yezooz. cash, earn_cash=2000.
2010-10-03 00:33:11,212 | DEBUG  | Stat yezooz. cash, earn_cash=2000.
2010-10-03 00:33:11,220 | DEBUG  | Stat yezooz. cash, earn_cash=2000.
2010-10-03 00:33:11,220 | DEBUG  | Stat yezooz. cash, earn_cash=2000.
2010-10-03 00:33:11,221 | INFO   | yezooz just earned 10 exp
2010-10-03 00:33:11,221 | INFO   | yezooz just earned 10 exp
2010-10-03 00:33:11,231 | DEBUG  | Stat yezooz. exp, earn_exp=20.
2010-10-03 00:33:11,231 | DEBUG  | Stat yezooz. exp, earn_exp=20.
2010-10-03 00:33:11,240 | DEBUG  | Stat yezooz. exp, earn_exp=20.
2010-10-03 00:33:11,240 | DEBUG  | Stat yezooz. exp, earn_exp=20.
2010-10-03 00:33:11,259 | DEBUG  | Stat yezooz. job, done=2.
2010-10-03 00:33:11,259 | DEBUG  | Stat yezooz. job, done=2.
2010-10-03 00:33:11,269 | DEBUG  | Stat yezooz. job, done=2.
2010-10-03 00:33:11,269 | DEBUG  | Stat yezooz. job, done=2.
2010-10-03 00:35:35,275 | DEBUG  | Stat yezooz. garage, cars_add=3.
2010-10-03 00:35:35,275 | DEBUG  | Stat yezooz. garage, cars_add=3.
2010-10-03 00:35:35,288 | DEBUG  | Stat yezooz. garage, cars=3.
2010-10-03 00:35:35,288 | DEBUG  | Stat yezooz. garage, cars=3.
2010-10-03 00:35:35,299 | DEBUG  | Stat yezooz. car_manuf, Fiat=1.
2010-10-03 00:35:35,299 | DEBUG  | Stat yezooz. car_manuf, Fiat=1.
2010-10-03 00:35:35,308 | DEBUG  | Stat yezooz. car_country, Italy=1.
2010-10-03 00:35:35,308 | DEBUG  | Stat yezooz. car_country, Italy=1.
2010-10-03 00:35:35,319 | DEBUG  | Stat yezooz. car_tier, 1=5.
2010-10-03 00:35:35,319 | DEBUG  | Stat yezooz. car_tier, 1=5.
2010-10-03 00:35:35,330 | DEBUG  | Stat yezooz. car_manuf, Fiat=2.
2010-10-03 00:35:35,330 | DEBUG  | Stat yezooz. car_manuf, Fiat=2.
2010-10-03 00:35:35,340 | DEBUG  | Stat yezooz. car_country, Italy=2.
2010-10-03 00:35:35,340 | DEBUG  | Stat yezooz. car_country, Italy=2.
2010-10-03 00:35:35,350 | DEBUG  | Stat yezooz. car_tier, 1=6.
2010-10-03 00:35:35,350 | DEBUG  | Stat yezooz. car_tier, 1=6.
2010-10-03 00:35:35,362 | DEBUG  | Stat yezooz. car_year, 2000=3.
2010-10-03 00:35:35,362 | DEBUG  | Stat yezooz. car_year, 2000=3.
2010-10-03 00:35:35,371 | DEBUG  | Stat yezooz. car_bhp, 74=1.
2010-10-03 00:35:35,371 | DEBUG  | Stat yezooz. car_bhp, 74=1.
2010-10-03 00:35:35,381 | DEBUG  | Stat yezooz. car_speed, 160=1.
2010-10-03 00:35:35,381 | DEBUG  | Stat yezooz. car_speed, 160=1.
2010-10-03 00:35:35,391 | DEBUG  | Stat yezooz. car_weight, 900=3.
2010-10-03 00:35:35,391 | DEBUG  | Stat yezooz. car_weight, 900=3.
2010-10-03 00:35:35,393 | INFO   | yezooz just earned 1000 cash
2010-10-03 00:35:35,393 | INFO   | yezooz just earned 1000 cash
2010-10-03 00:35:35,401 | DEBUG  | Stat yezooz. cash, earn_cash=3000.
2010-10-03 00:35:35,401 | DEBUG  | Stat yezooz. cash, earn_cash=3000.
2010-10-03 00:35:35,411 | DEBUG  | Stat yezooz. cash, earn_cash=3000.
2010-10-03 00:35:35,411 | DEBUG  | Stat yezooz. cash, earn_cash=3000.
2010-10-03 00:35:35,412 | INFO   | yezooz just earned 10 exp
2010-10-03 00:35:35,412 | INFO   | yezooz just earned 10 exp
2010-10-03 00:35:35,420 | DEBUG  | Stat yezooz. exp, earn_exp=30.
2010-10-03 00:35:35,420 | DEBUG  | Stat yezooz. exp, earn_exp=30.
2010-10-03 00:35:35,428 | DEBUG  | Stat yezooz. exp, earn_exp=30.
2010-10-03 00:35:35,428 | DEBUG  | Stat yezooz. exp, earn_exp=30.
2010-10-03 00:35:35,446 | DEBUG  | Stat yezooz. job, done=3.
2010-10-03 00:35:35,446 | DEBUG  | Stat yezooz. job, done=3.
2010-10-03 00:35:35,456 | DEBUG  | Stat yezooz. job, done=3.
2010-10-03 00:35:35,456 | DEBUG  | Stat yezooz. job, done=3.
2010-10-03 00:39:29,064 | DEBUG  | Stat yezooz. garage, cars_add=4.
2010-10-03 00:39:29,064 | DEBUG  | Stat yezooz. garage, cars_add=4.
2010-10-03 00:39:29,075 | DEBUG  | Stat yezooz. garage, cars=4.
2010-10-03 00:39:29,075 | DEBUG  | Stat yezooz. garage, cars=4.
2010-10-03 00:39:29,084 | DEBUG  | Stat yezooz. car_manuf, Renault=1.
2010-10-03 00:39:29,084 | DEBUG  | Stat yezooz. car_manuf, Renault=1.
2010-10-03 00:39:29,092 | DEBUG  | Stat yezooz. car_country, France=1.
2010-10-03 00:39:29,092 | DEBUG  | Stat yezooz. car_country, France=1.
2010-10-03 00:39:29,101 | DEBUG  | Stat yezooz. car_tier, 1=7.
2010-10-03 00:39:29,101 | DEBUG  | Stat yezooz. car_tier, 1=7.
2010-10-03 00:39:29,112 | DEBUG  | Stat yezooz. car_manuf, Renault=2.
2010-10-03 00:39:29,112 | DEBUG  | Stat yezooz. car_manuf, Renault=2.
2010-10-03 00:39:29,121 | DEBUG  | Stat yezooz. car_country, France=2.
2010-10-03 00:39:29,121 | DEBUG  | Stat yezooz. car_country, France=2.
2010-10-03 00:39:29,131 | DEBUG  | Stat yezooz. car_tier, 1=8.
2010-10-03 00:39:29,131 | DEBUG  | Stat yezooz. car_tier, 1=8.
2010-10-03 00:39:29,141 | DEBUG  | Stat yezooz. car_year, 1990=1.
2010-10-03 00:39:29,141 | DEBUG  | Stat yezooz. car_year, 1990=1.
2010-10-03 00:40:02,558 | DEBUG  | Stat yezooz. garage, cars_add=5.
2010-10-03 00:40:02,558 | DEBUG  | Stat yezooz. garage, cars_add=5.
2010-10-03 00:40:02,570 | DEBUG  | Stat yezooz. garage, cars=5.
2010-10-03 00:40:02,570 | DEBUG  | Stat yezooz. garage, cars=5.
2010-10-03 00:40:02,580 | DEBUG  | Stat yezooz. car_manuf, Renault=3.
2010-10-03 00:40:02,580 | DEBUG  | Stat yezooz. car_manuf, Renault=3.
2010-10-03 00:40:02,593 | DEBUG  | Stat yezooz. car_country, France=3.
2010-10-03 00:40:02,593 | DEBUG  | Stat yezooz. car_country, France=3.
2010-10-03 00:40:02,605 | DEBUG  | Stat yezooz. car_tier, 1=9.
2010-10-03 00:40:02,605 | DEBUG  | Stat yezooz. car_tier, 1=9.
2010-10-03 00:40:02,622 | DEBUG  | Stat yezooz. car_manuf, Renault=4.
2010-10-03 00:40:02,622 | DEBUG  | Stat yezooz. car_manuf, Renault=4.
2010-10-03 00:40:02,635 | DEBUG  | Stat yezooz. car_country, France=4.
2010-10-03 00:40:02,635 | DEBUG  | Stat yezooz. car_country, France=4.
2010-10-03 00:40:02,651 | DEBUG  | Stat yezooz. car_tier, 1=10.
2010-10-03 00:40:02,651 | DEBUG  | Stat yezooz. car_tier, 1=10.
2010-10-03 00:40:02,666 | DEBUG  | Stat yezooz. car_year, 1990=2.
2010-10-03 00:40:02,666 | DEBUG  | Stat yezooz. car_year, 1990=2.
2010-10-03 00:40:33,817 | DEBUG  | Stat yezooz. garage, cars_add=6.
2010-10-03 00:40:33,817 | DEBUG  | Stat yezooz. garage, cars_add=6.
2010-10-03 00:40:33,831 | DEBUG  | Stat yezooz. garage, cars=6.
2010-10-03 00:40:33,831 | DEBUG  | Stat yezooz. garage, cars=6.
2010-10-03 00:40:33,846 | DEBUG  | Stat yezooz. car_manuf, Renault=5.
2010-10-03 00:40:33,846 | DEBUG  | Stat yezooz. car_manuf, Renault=5.
2010-10-03 00:40:33,859 | DEBUG  | Stat yezooz. car_country, France=5.
2010-10-03 00:40:33,859 | DEBUG  | Stat yezooz. car_country, France=5.
2010-10-03 00:40:33,871 | DEBUG  | Stat yezooz. car_tier, 1=11.
2010-10-03 00:40:33,871 | DEBUG  | Stat yezooz. car_tier, 1=11.
2010-10-03 00:40:33,884 | DEBUG  | Stat yezooz. car_manuf, Renault=6.
2010-10-03 00:40:33,884 | DEBUG  | Stat yezooz. car_manuf, Renault=6.
2010-10-03 00:40:33,893 | DEBUG  | Stat yezooz. car_country, France=6.
2010-10-03 00:40:33,893 | DEBUG  | Stat yezooz. car_country, France=6.
2010-10-03 00:40:33,904 | DEBUG  | Stat yezooz. car_tier, 1=12.
2010-10-03 00:40:33,904 | DEBUG  | Stat yezooz. car_tier, 1=12.
2010-10-03 00:40:33,915 | DEBUG  | Stat yezooz. car_year, 1990=3.
2010-10-03 00:40:33,915 | DEBUG  | Stat yezooz. car_year, 1990=3.
2010-10-03 00:41:04,937 | DEBUG  | Stat yezooz. garage, cars_add=7.
2010-10-03 00:41:04,937 | DEBUG  | Stat yezooz. garage, cars_add=7.
2010-10-03 00:41:04,947 | DEBUG  | Stat yezooz. garage, cars=7.
2010-10-03 00:41:04,947 | DEBUG  | Stat yezooz. garage, cars=7.
2010-10-03 00:41:04,956 | DEBUG  | Stat yezooz. car_manuf, Renault=7.
2010-10-03 00:41:04,956 | DEBUG  | Stat yezooz. car_manuf, Renault=7.
2010-10-03 00:41:04,966 | DEBUG  | Stat yezooz. car_country, France=7.
2010-10-03 00:41:04,966 | DEBUG  | Stat yezooz. car_country, France=7.
2010-10-03 00:41:04,976 | DEBUG  | Stat yezooz. car_tier, 1=13.
2010-10-03 00:41:04,976 | DEBUG  | Stat yezooz. car_tier, 1=13.
2010-10-03 00:41:04,985 | DEBUG  | Stat yezooz. car_manuf, Renault=8.
2010-10-03 00:41:04,985 | DEBUG  | Stat yezooz. car_manuf, Renault=8.
2010-10-03 00:41:04,994 | DEBUG  | Stat yezooz. car_country, France=8.
2010-10-03 00:41:04,994 | DEBUG  | Stat yezooz. car_country, France=8.
2010-10-03 00:41:05,004 | DEBUG  | Stat yezooz. car_tier, 1=14.
2010-10-03 00:41:05,004 | DEBUG  | Stat yezooz. car_tier, 1=14.
2010-10-03 00:41:05,014 | DEBUG  | Stat yezooz. car_year, 1990=4.
2010-10-03 00:41:05,014 | DEBUG  | Stat yezooz. car_year, 1990=4.
2010-10-03 00:41:27,306 | DEBUG  | Stat yezooz. garage, cars_add=8.
2010-10-03 00:41:27,306 | DEBUG  | Stat yezooz. garage, cars_add=8.
2010-10-03 00:41:27,317 | DEBUG  | Stat yezooz. garage, cars=8.
2010-10-03 00:41:27,317 | DEBUG  | Stat yezooz. garage, cars=8.
2010-10-03 00:41:27,326 | DEBUG  | Stat yezooz. car_manuf, Renault=9.
2010-10-03 00:41:27,326 | DEBUG  | Stat yezooz. car_manuf, Renault=9.
2010-10-03 00:41:27,335 | DEBUG  | Stat yezooz. car_country, France=9.
2010-10-03 00:41:27,335 | DEBUG  | Stat yezooz. car_country, France=9.
2010-10-03 00:41:27,345 | DEBUG  | Stat yezooz. car_tier, 1=15.
2010-10-03 00:41:27,345 | DEBUG  | Stat yezooz. car_tier, 1=15.
2010-10-03 00:41:27,355 | DEBUG  | Stat yezooz. car_manuf, Renault=10.
2010-10-03 00:41:27,355 | DEBUG  | Stat yezooz. car_manuf, Renault=10.
2010-10-03 00:41:27,364 | DEBUG  | Stat yezooz. car_country, France=10.
2010-10-03 00:41:27,364 | DEBUG  | Stat yezooz. car_country, France=10.
2010-10-03 00:41:27,373 | DEBUG  | Stat yezooz. car_tier, 1=16.
2010-10-03 00:41:27,373 | DEBUG  | Stat yezooz. car_tier, 1=16.
2010-10-03 00:41:27,384 | DEBUG  | Stat yezooz. car_year, 1990=5.
2010-10-03 00:41:27,384 | DEBUG  | Stat yezooz. car_year, 1990=5.
2010-10-03 00:41:27,397 | DEBUG  | Stat yezooz. car_bhp, 64=1.
2010-10-03 00:41:27,397 | DEBUG  | Stat yezooz. car_bhp, 64=1.
2010-10-03 00:41:27,407 | DEBUG  | Stat yezooz. car_speed, 160=2.
2010-10-03 00:41:27,407 | DEBUG  | Stat yezooz. car_speed, 160=2.
2010-10-03 00:41:27,415 | DEBUG  | Stat yezooz. car_weight, 1000=1.
2010-10-03 00:41:27,415 | DEBUG  | Stat yezooz. car_weight, 1000=1.
2010-10-03 00:41:27,417 | INFO   | yezooz just earned 1000 cash
2010-10-03 00:41:27,417 | INFO   | yezooz just earned 1000 cash
2010-10-03 00:41:27,427 | DEBUG  | Stat yezooz. cash, earn_cash=4000.
2010-10-03 00:41:27,427 | DEBUG  | Stat yezooz. cash, earn_cash=4000.
2010-10-03 00:41:27,439 | DEBUG  | Stat yezooz. cash, earn_cash=4000.
2010-10-03 00:41:27,439 | DEBUG  | Stat yezooz. cash, earn_cash=4000.
2010-10-03 00:41:27,439 | INFO   | yezooz just earned 10 exp
2010-10-03 00:41:27,439 | INFO   | yezooz just earned 10 exp
2010-10-03 00:41:27,447 | DEBUG  | Stat yezooz. exp, earn_exp=40.
2010-10-03 00:41:27,447 | DEBUG  | Stat yezooz. exp, earn_exp=40.
2010-10-03 00:41:27,455 | DEBUG  | Stat yezooz. exp, earn_exp=40.
2010-10-03 00:41:27,455 | DEBUG  | Stat yezooz. exp, earn_exp=40.
2010-10-03 00:41:27,474 | DEBUG  | Stat yezooz. job, done=4.
2010-10-03 00:41:27,474 | DEBUG  | Stat yezooz. job, done=4.
2010-10-03 00:41:27,483 | DEBUG  | Stat yezooz. job, done=4.
2010-10-03 00:41:27,483 | DEBUG  | Stat yezooz. job, done=4.
2010-10-03 00:43:17,354 | DEBUG  | Stat yezooz. garage, cars_add=1.
2010-10-03 00:43:17,354 | DEBUG  | Stat yezooz. garage, cars_add=1.
2010-10-03 00:43:17,364 | DEBUG  | Stat yezooz. garage, cars=1.
2010-10-03 00:43:17,364 | DEBUG  | Stat yezooz. garage, cars=1.
2010-10-03 00:43:17,373 | DEBUG  | Stat yezooz. car_manuf, Renault=1.
2010-10-03 00:43:17,373 | DEBUG  | Stat yezooz. car_manuf, Renault=1.
2010-10-03 00:43:17,385 | DEBUG  | Stat yezooz. car_country, France=1.
2010-10-03 00:43:17,385 | DEBUG  | Stat yezooz. car_country, France=1.
2010-10-03 00:43:17,396 | DEBUG  | Stat yezooz. car_tier, 1=1.
2010-10-03 00:43:17,396 | DEBUG  | Stat yezooz. car_tier, 1=1.
2010-10-03 00:43:17,405 | DEBUG  | Stat yezooz. car_manuf, Renault=2.
2010-10-03 00:43:17,405 | DEBUG  | Stat yezooz. car_manuf, Renault=2.
2010-10-03 00:43:17,419 | DEBUG  | Stat yezooz. car_country, France=2.
2010-10-03 00:43:17,419 | DEBUG  | Stat yezooz. car_country, France=2.
2010-10-03 00:43:17,429 | DEBUG  | Stat yezooz. car_tier, 1=2.
2010-10-03 00:43:17,429 | DEBUG  | Stat yezooz. car_tier, 1=2.
2010-10-03 00:43:17,439 | DEBUG  | Stat yezooz. car_year, 1990=1.
2010-10-03 00:43:17,439 | DEBUG  | Stat yezooz. car_year, 1990=1.
2010-10-03 00:43:17,461 | DEBUG  | Stat yezooz. car_bhp, 64=1.
2010-10-03 00:43:17,461 | DEBUG  | Stat yezooz. car_bhp, 64=1.
2010-10-03 00:43:17,476 | DEBUG  | Stat yezooz. car_speed, 160=1.
2010-10-03 00:43:17,476 | DEBUG  | Stat yezooz. car_speed, 160=1.
2010-10-03 00:43:17,514 | DEBUG  | Stat yezooz. car_weight, 1000=1.
2010-10-03 00:43:17,514 | DEBUG  | Stat yezooz. car_weight, 1000=1.
2010-10-03 00:43:17,516 | INFO   | yezooz just earned 1000 cash
2010-10-03 00:43:17,516 | INFO   | yezooz just earned 1000 cash
2010-10-03 00:43:17,526 | DEBUG  | Stat yezooz. cash, earn_cash=1000.
2010-10-03 00:43:17,526 | DEBUG  | Stat yezooz. cash, earn_cash=1000.
2010-10-03 00:43:17,534 | DEBUG  | Stat yezooz. cash, earn_cash=1000.
2010-10-03 00:43:17,534 | DEBUG  | Stat yezooz. cash, earn_cash=1000.
2010-10-03 00:43:17,534 | INFO   | yezooz just earned 10 exp
2010-10-03 00:43:17,534 | INFO   | yezooz just earned 10 exp
2010-10-03 00:43:17,545 | DEBUG  | Stat yezooz. exp, earn_exp=10.
2010-10-03 00:43:17,545 | DEBUG  | Stat yezooz. exp, earn_exp=10.
2010-10-03 00:43:17,552 | DEBUG  | Stat yezooz. exp, earn_exp=10.
2010-10-03 00:43:17,552 | DEBUG  | Stat yezooz. exp, earn_exp=10.
2010-10-03 00:43:17,574 | DEBUG  | Stat yezooz. job, done=1.
2010-10-03 00:43:17,574 | DEBUG  | Stat yezooz. job, done=1.
2010-10-03 00:43:17,583 | DEBUG  | Stat yezooz. job, done=1.
2010-10-03 00:43:17,583 | DEBUG  | Stat yezooz. job, done=1.
2010-10-03 00:46:57,493 | DEBUG  | Stat yezooz. garage, cars_add=2.
2010-10-03 00:46:57,493 | DEBUG  | Stat yezooz. garage, cars_add=2.
2010-10-03 00:47:20,917 | DEBUG  | Stat yezooz. garage, cars_add=3.
2010-10-03 00:47:20,917 | DEBUG  | Stat yezooz. garage, cars_add=3.
2010-10-03 00:47:20,928 | DEBUG  | Stat yezooz. garage, cars=2.
2010-10-03 00:47:20,928 | DEBUG  | Stat yezooz. garage, cars=2.
2010-10-03 00:47:20,939 | DEBUG  | Stat yezooz. car_manuf, Fiat=1.
2010-10-03 00:47:20,939 | DEBUG  | Stat yezooz. car_manuf, Fiat=1.
2010-10-03 00:47:20,948 | DEBUG  | Stat yezooz. car_country, Italy=1.
2010-10-03 00:47:20,948 | DEBUG  | Stat yezooz. car_country, Italy=1.
2010-10-03 00:47:20,958 | DEBUG  | Stat yezooz. car_tier, 1=3.
2010-10-03 00:47:20,958 | DEBUG  | Stat yezooz. car_tier, 1=3.
2010-10-03 00:47:20,968 | DEBUG  | Stat yezooz. car_manuf, Fiat=2.
2010-10-03 00:47:20,968 | DEBUG  | Stat yezooz. car_manuf, Fiat=2.
2010-10-03 00:47:20,978 | DEBUG  | Stat yezooz. car_country, Italy=2.
2010-10-03 00:47:20,978 | DEBUG  | Stat yezooz. car_country, Italy=2.
2010-10-03 00:47:20,988 | DEBUG  | Stat yezooz. car_tier, 1=4.
2010-10-03 00:47:20,988 | DEBUG  | Stat yezooz. car_tier, 1=4.
2010-10-03 00:47:20,999 | DEBUG  | Stat yezooz. car_year, 2000=1.
2010-10-03 00:47:20,999 | DEBUG  | Stat yezooz. car_year, 2000=1.
2010-10-03 00:47:21,011 | DEBUG  | Stat yezooz. car_bhp, 74=1.
2010-10-03 00:47:21,011 | DEBUG  | Stat yezooz. car_bhp, 74=1.
2010-10-03 00:47:21,021 | DEBUG  | Stat yezooz. car_speed, 160=2.
2010-10-03 00:47:21,021 | DEBUG  | Stat yezooz. car_speed, 160=2.
2010-10-03 00:47:21,030 | DEBUG  | Stat yezooz. car_weight, 900=1.
2010-10-03 00:47:21,030 | DEBUG  | Stat yezooz. car_weight, 900=1.
2010-10-03 00:47:21,032 | INFO   | yezooz just earned 1000 cash
2010-10-03 00:47:21,032 | INFO   | yezooz just earned 1000 cash
2010-10-03 00:47:21,042 | DEBUG  | Stat yezooz. cash, earn_cash=2000.
2010-10-03 00:47:21,042 | DEBUG  | Stat yezooz. cash, earn_cash=2000.
2010-10-03 00:47:21,049 | DEBUG  | Stat yezooz. cash, earn_cash=2000.
2010-10-03 00:47:21,049 | DEBUG  | Stat yezooz. cash, earn_cash=2000.
2010-10-03 00:47:21,050 | INFO   | yezooz just earned 10 exp
2010-10-03 00:47:21,050 | INFO   | yezooz just earned 10 exp
2010-10-03 00:47:21,059 | DEBUG  | Stat yezooz. exp, earn_exp=20.
2010-10-03 00:47:21,059 | DEBUG  | Stat yezooz. exp, earn_exp=20.
2010-10-03 00:47:21,068 | DEBUG  | Stat yezooz. exp, earn_exp=20.
2010-10-03 00:47:21,068 | DEBUG  | Stat yezooz. exp, earn_exp=20.
2010-10-03 00:47:21,092 | DEBUG  | Stat yezooz. job, done=2.
2010-10-03 00:47:21,092 | DEBUG  | Stat yezooz. job, done=2.
2010-10-03 00:47:21,103 | DEBUG  | Stat yezooz. job, done=2.
2010-10-03 00:47:21,103 | DEBUG  | Stat yezooz. job, done=2.
2010-10-03 00:47:34,114 | DEBUG  | Stat yezooz. garage, cars_add=4.
2010-10-03 00:47:34,114 | DEBUG  | Stat yezooz. garage, cars_add=4.
2010-10-03 00:47:34,123 | DEBUG  | Stat yezooz. garage, cars=3.
2010-10-03 00:47:34,123 | DEBUG  | Stat yezooz. garage, cars=3.
2010-10-03 00:47:34,133 | DEBUG  | Stat yezooz. car_manuf, Renault=3.
2010-10-03 00:47:34,133 | DEBUG  | Stat yezooz. car_manuf, Renault=3.
2010-10-03 00:47:34,145 | DEBUG  | Stat yezooz. car_country, France=3.
2010-10-03 00:47:34,145 | DEBUG  | Stat yezooz. car_country, France=3.
2010-10-03 00:47:34,154 | DEBUG  | Stat yezooz. car_tier, 1=5.
2010-10-03 00:47:34,154 | DEBUG  | Stat yezooz. car_tier, 1=5.
2010-10-03 00:47:34,164 | DEBUG  | Stat yezooz. car_manuf, Renault=4.
2010-10-03 00:47:34,164 | DEBUG  | Stat yezooz. car_manuf, Renault=4.
2010-10-03 00:47:34,174 | DEBUG  | Stat yezooz. car_country, France=4.
2010-10-03 00:47:34,174 | DEBUG  | Stat yezooz. car_country, France=4.
2010-10-03 00:47:34,183 | DEBUG  | Stat yezooz. car_tier, 1=6.
2010-10-03 00:47:34,183 | DEBUG  | Stat yezooz. car_tier, 1=6.
2010-10-03 00:47:34,194 | DEBUG  | Stat yezooz. car_year, 2000=2.
2010-10-03 00:47:34,194 | DEBUG  | Stat yezooz. car_year, 2000=2.
2010-10-03 00:47:34,203 | DEBUG  | Stat yezooz. car_bhp, 69=1.
2010-10-03 00:47:34,203 | DEBUG  | Stat yezooz. car_bhp, 69=1.
2010-10-03 00:47:34,215 | DEBUG  | Stat yezooz. car_speed, 160=3.
2010-10-03 00:47:34,215 | DEBUG  | Stat yezooz. car_speed, 160=3.
2010-10-03 00:47:34,224 | DEBUG  | Stat yezooz. car_weight, 1100=1.
2010-10-03 00:47:34,224 | DEBUG  | Stat yezooz. car_weight, 1100=1.
2010-10-03 00:47:34,226 | INFO   | yezooz just earned 1000 cash
2010-10-03 00:47:34,226 | INFO   | yezooz just earned 1000 cash
2010-10-03 00:47:34,236 | DEBUG  | Stat yezooz. cash, earn_cash=3000.
2010-10-03 00:47:34,236 | DEBUG  | Stat yezooz. cash, earn_cash=3000.
2010-10-03 00:47:34,244 | DEBUG  | Stat yezooz. cash, earn_cash=3000.
2010-10-03 00:47:34,244 | DEBUG  | Stat yezooz. cash, earn_cash=3000.
2010-10-03 00:47:34,245 | INFO   | yezooz just earned 10 exp
2010-10-03 00:47:34,245 | INFO   | yezooz just earned 10 exp
2010-10-03 00:47:34,254 | DEBUG  | Stat yezooz. exp, earn_exp=30.
2010-10-03 00:47:34,254 | DEBUG  | Stat yezooz. exp, earn_exp=30.
2010-10-03 00:47:34,262 | DEBUG  | Stat yezooz. exp, earn_exp=30.
2010-10-03 00:47:34,262 | DEBUG  | Stat yezooz. exp, earn_exp=30.
2010-10-03 00:47:34,279 | DEBUG  | Stat yezooz. job, done=3.
2010-10-03 00:47:34,279 | DEBUG  | Stat yezooz. job, done=3.
2010-10-03 00:47:34,290 | DEBUG  | Stat yezooz. job, done=3.
2010-10-03 00:47:34,290 | DEBUG  | Stat yezooz. job, done=3.
